<?xml version="1.0" encoding="utf-8"?>
<shfbBuild product="Sandcastle Help File Builder and Tools" version="2019.11.17.0" projectFile="C:\Projects\Connect Platform\Work\ZenitelConnectRestApiSdk\DOC\Zenitel.Connect.RestApi.Sdk.shfbproj" started="12/10/2022 10.56.01">
<buildStep step="Initializing">
Finding tools...
The Sandcastle tools are located in &#39;C:\Program Files (x86)\EWSoftware\Sandcastle Help File Builder\&#39;
Searching for HTML Help 1 compiler...
Found HTML Help 1 compiler in &#39;C:\Program Files (x86)\HTML Help Workshop\&#39;
Locating components in the following folder(s):
    C:\Projects\Connect Platform\Work\ZenitelConnectRestApiSdk\DOC
    C:\ProgramData\EWSoftware\Sandcastle Help File Builder\Components and Plug-Ins\
    C:\Program Files (x86)\EWSoftware\Sandcastle Help File Builder\
Using framework reflection data for &#39;.NET Framework 4.8&#39; located in &#39;C:\Program Files (x86)\EWSoftware\Sandcastle Help File Builder\Data\.NETFramework&#39;
Using presentation style &#39;VS2013&#39; located in &#39;C:\Program Files (x86)\EWSoftware\Sandcastle Help File Builder\PresentationStyles\VS2013&#39;
Loading and initializing plug-ins...
Lightweight Website Style Version 2019.11.17.0
Copyright &#169; 2006-2019, Eric Woodruff, All Rights Reserved
Portions Copyright &#169; 2014, Sam Harwell, All Rights Reserved
</buildStep>
<buildStep step="ValidatingDocumentationSources">
Validating and copying documentation source information
Source: C:\Projects\Connect Platform\Work\ZenitelConnectRestApiSdk\RestApiClient\bin\Release\RestApiClient.dll
    Found assembly &#39;C:\Projects\Connect Platform\Work\ZenitelConnectRestApiSdk\RestApiClient\bin\Release\RestApiClient.dll&#39;
Source: C:\Projects\Connect Platform\Work\ZenitelConnectRestApiSdk\RestApiClient\bin\Release\RestApiClient.xml

References to include:
    C:\Projects\Connect Platform\Work\ZenitelConnectRestApiSdk\DOC\.\Help\Documentation.exe

Copying XML comments files
    C:\Projects\Connect Platform\Work\ZenitelConnectRestApiSdk\RestApiClient\bin\Release\RestApiClient.xml -&gt; C:\Projects\Connect Platform\Work\ZenitelConnectRestApiSdk\DOC\Help\Working\RestApiClient.xml
</buildStep>
<buildStep step="GenerateSharedContent">
Generating shared content files (en-US, English (United States))...
<plugIn name="Lightweight Website Style" behavior="After" priority="1000">
</plugIn>    Last step completed in 00:00:00,0300
</buildStep>
<buildStep step="GenerateApiFilter">
Generating API filter for MRefBuilder...
    Last step completed in 00:00:00,0061
</buildStep>
<buildStep step="GenerateReflectionInfo">
Generating reflection information...
[C:\Program Files (x86)\MSBuild\14.0\bin\amd64\MSBuild.exe - GenerateRefInfo.proj]
Build started 12/10/2022 10.56.04.
Project &quot;C:\Projects\Connect Platform\Work\ZenitelConnectRestApiSdk\DOC\Help\Working\GenerateRefInfo.proj&quot; on node 1 (default targets).
PrepareForBuild:
  Creating directory &quot;obj\Debug\&quot;.
GenerateRefInfo:
  MRefBuilder (v2019.11.17.0)
  Copyright &#184; 2006-2019, Microsoft Corporation, All Rights Reserved.
  Portions Copyright &#184; 2006-2019, Eric Woodruff, All Rights Reserved.
  No source code context base path specified.  Source context information is unavailable.
  Loaded 1 assemblies for reflection and 1 dependency assemblies.
  Wrote information on 1 namespaces, 16 types, and 93 members
  Copying file from &quot;reflection.org&quot; to &quot;reflection.all&quot;.
  XslTransform (v2019.11.17.0)
  Copyright &#184; 2006-2019, Microsoft Corporation, All Rights Reserved.
  Portions Copyright &#184; 2006-2019, Eric Woodruff, All Rights Reserved.
  Applying XSL transformation &#39;C:\Program Files (x86)\EWSoftware\Sandcastle Help File Builder\ProductionTransforms\MergeDuplicates.xsl&#39;.
Done Building Project &quot;C:\Projects\Connect Platform\Work\ZenitelConnectRestApiSdk\DOC\Help\Working\GenerateRefInfo.proj&quot; (default targets).

Build succeeded.

Time Elapsed 00:00:01.28
    Last step completed in 00:00:02,2831
</buildStep>
<buildStep step="TransformReflectionInfo">
Transforming reflection output...
[C:\Program Files (x86)\MSBuild\14.0\bin\amd64\MSBuild.exe - TransformManifest.proj]
Build started 12/10/2022 10.56.06.
Project &quot;C:\Projects\Connect Platform\Work\ZenitelConnectRestApiSdk\DOC\Help\Working\TransformManifest.proj&quot; on node 1 (default targets).
TransformManifest:
  XslTransform (v2019.11.17.0)
  Copyright &#184; 2006-2019, Microsoft Corporation, All Rights Reserved.
  Portions Copyright &#184; 2006-2019, Eric Woodruff, All Rights Reserved.
  Applying XSL transformation &#39;C:\Program Files (x86)\EWSoftware\Sandcastle Help File Builder\\ProductionTransforms\ApplyVSDocModel.xsl&#39;.
  Copying file from &quot;reflection.xml&quot; to &quot;reflection.nofilenames&quot;.
  XslTransform (v2019.11.17.0)
  Copyright &#184; 2006-2019, Microsoft Corporation, All Rights Reserved.
  Portions Copyright &#184; 2006-2019, Eric Woodruff, All Rights Reserved.
  Applying XSL transformation &#39;C:\Program Files (x86)\EWSoftware\Sandcastle Help File Builder\ProductionTransforms\AddFilenames.xsl&#39;.
  XslTransform (v2019.11.17.0)
  Copyright &#184; 2006-2019, Microsoft Corporation, All Rights Reserved.
  Portions Copyright &#184; 2006-2019, Eric Woodruff, All Rights Reserved.
  Applying XSL transformation &#39;C:\Program Files (x86)\EWSoftware\Sandcastle Help File Builder\ProductionTransforms\ReflectionToManifest.xsl&#39;.
Done Building Project &quot;C:\Projects\Connect Platform\Work\ZenitelConnectRestApiSdk\DOC\Help\Working\TransformManifest.proj&quot; (default targets).

Build succeeded.

Time Elapsed 00:00:00.97
    Last step completed in 00:00:02,1453
</buildStep>
<buildStep step="GenerateNamespaceSummaries">
Generating namespace summary information...
    Last step completed in 00:00:00,0474
</buildStep>
<buildStep step="CopyAdditionalContent">
Copying additional content files...
No additional content to copy
    Last step completed in 00:00:00,0040
</buildStep>
<buildStep step="MergeTablesOfContents">
Merging conceptual and additional tables of contents...
    Last step completed in 00:00:00,0000
</buildStep>
<buildStep step="GenerateIntermediateTableOfContents">
Generating intermediate table of contents file...
[C:\Program Files (x86)\MSBuild\14.0\bin\amd64\MSBuild.exe - GenerateIntermediateTOC.proj]
Build started 12/10/2022 10.56.08.
Project &quot;C:\Projects\Connect Platform\Work\ZenitelConnectRestApiSdk\DOC\Help\Working\GenerateIntermediateTOC.proj&quot; on node 1 (default targets).
GenerateIntermediateTOC:
  XslTransform (v2019.11.17.0)
  Copyright &#184; 2006-2019, Microsoft Corporation, All Rights Reserved.
  Portions Copyright &#184; 2006-2019, Eric Woodruff, All Rights Reserved.
  Applying XSL transformation &#39;C:\Program Files (x86)\EWSoftware\Sandcastle Help File Builder\\ProductionTransforms\CreateVSToc.xsl&#39;.
Done Building Project &quot;C:\Projects\Connect Platform\Work\ZenitelConnectRestApiSdk\DOC\Help\Working\GenerateIntermediateTOC.proj&quot; (default targets).

Build succeeded.

Time Elapsed 00:00:00.26
Generating conceptual content intermediate TOC file...
    Last step completed in 00:00:01,2352
</buildStep>
<buildStep step="CreateBuildAssemblerConfigs">
Creating Sandcastle configuration files...
    sandcastle.config
    Last step completed in 00:00:00,3034
</buildStep>
<buildStep step="MergeCustomConfigs">
Merging custom build component configurations
C:\Projects\Connect Platform\Work\ZenitelConnectRestApiSdk\DOC\Help\Working\sandcastle.config
  Updating reference topic configurations.
  No conceptual content.  Removing conceptual content components.
    Last step completed in 00:00:00,0131
</buildStep>
<buildStep step="BuildTopics">
Building help topics...
[C:\Program Files (x86)\MSBuild\14.0\bin\amd64\MSBuild.exe - BuildTopics.proj]
Build started 12/10/2022 10.56.10.
Project &quot;C:\Projects\Connect Platform\Work\ZenitelConnectRestApiSdk\DOC\Help\Working\BuildTopics.proj&quot; on node 1 (default targets).
BuildTopics:
  BuildAssembler (v2019.11.17.0)
  Copyright &#184; 2006-2019, Microsoft Corporation, All Rights Reserved.
  Portions Copyright &#184; 2006-2019, Eric Woodruff, All Rights Reserved.
  Loading configuration...
  Processing topics...
BuildAssembler : warning : ShowMissingComponent: [N:Rest.Api.Client] Missing &lt;summary&gt; documentation [C:\Projects\Connect Platform\Work\ZenitelConnectRestApiSdk\DOC\Help\Working\BuildTopics.proj]
  Processed 136 topic(s)
  1 warning(s)
  CopyFromIndexComponent: &quot;reflection&quot; in-memory cache entries used: 3 of 15.
  CopyFromIndexComponent: &quot;comments&quot; in-memory cache entries used: 2 of 30.
Done Building Project &quot;C:\Projects\Connect Platform\Work\ZenitelConnectRestApiSdk\DOC\Help\Working\BuildTopics.proj&quot; (default targets).

Build succeeded.

Time Elapsed 00:00:16.34
    Last step completed in 00:00:17,3844
</buildStep>
<buildStep step="CombiningIntermediateTocFiles">
Combining conceptual and API intermediate TOC files...
    Last step completed in 00:00:00,0030
</buildStep>
<buildStep step="ExtractingHtmlInfo">
Extracting HTML info for HTML Help 1 and/or website...
[C:\Program Files (x86)\MSBuild\14.0\bin\amd64\MSBuild.exe - ExtractHtmlInfo.proj]
Sandcastle Help File Builder and Tools, version 2019.11.17.0
Copyright &#184; 2006-2019, Eric Woodruff, All Rights Reserved
E-Mail: Eric@EWoodruff.us

Using LCID &#39;1033&#39;, code page &#39;65001&#39;, encoding charset &#39;UTF-8&#39;.

Processing Help 1 files in C:\Projects\Connect Platform\Work\ZenitelConnectRestApiSdk\DOC\Help\Working\Output\HtmlHelp1
Processed 136 HTML files
Sorting keywords and generating See Also indices
Saving HTML Help 1 keyword index to C:\Projects\Connect Platform\Work\ZenitelConnectRestApiSdk\DOC\Help\Working\Zenitel.Connect.RestApi.Sdk.hhk
Saving HTML Help 1 table of contents to C:\Projects\Connect Platform\Work\ZenitelConnectRestApiSdk\DOC\Help\Working\Zenitel.Connect.RestApi.Sdk.hhc
    Last step completed in 00:00:01,3946
</buildStep>
<buildStep step="CopyStandardHelpContent">
Copying standard help content...
C:\Program Files (x86)\EWSoftware\Sandcastle Help File Builder\PresentationStyles\VS2013\icons\AlertCaution.png -&gt; C:\Projects\Connect Platform\Work\ZenitelConnectRestApiSdk\DOC\Help\Working\Output\HtmlHelp1\icons\AlertCaution.png
C:\Program Files (x86)\EWSoftware\Sandcastle Help File Builder\PresentationStyles\VS2013\icons\AlertNote.png -&gt; C:\Projects\Connect Platform\Work\ZenitelConnectRestApiSdk\DOC\Help\Working\Output\HtmlHelp1\icons\AlertNote.png
C:\Program Files (x86)\EWSoftware\Sandcastle Help File Builder\PresentationStyles\VS2013\icons\AlertSecurity.png -&gt; C:\Projects\Connect Platform\Work\ZenitelConnectRestApiSdk\DOC\Help\Working\Output\HtmlHelp1\icons\AlertSecurity.png
C:\Program Files (x86)\EWSoftware\Sandcastle Help File Builder\PresentationStyles\VS2013\icons\CFW.gif -&gt; C:\Projects\Connect Platform\Work\ZenitelConnectRestApiSdk\DOC\Help\Working\Output\HtmlHelp1\icons\CFW.gif
C:\Program Files (x86)\EWSoftware\Sandcastle Help File Builder\PresentationStyles\VS2013\icons\CodeExample.png -&gt; C:\Projects\Connect Platform\Work\ZenitelConnectRestApiSdk\DOC\Help\Working\Output\HtmlHelp1\icons\CodeExample.png
C:\Program Files (x86)\EWSoftware\Sandcastle Help File Builder\PresentationStyles\VS2013\icons\favicon.ico -&gt; C:\Projects\Connect Platform\Work\ZenitelConnectRestApiSdk\DOC\Help\Working\Output\HtmlHelp1\icons\favicon.ico
C:\Program Files (x86)\EWSoftware\Sandcastle Help File Builder\PresentationStyles\VS2013\icons\privclass.gif -&gt; C:\Projects\Connect Platform\Work\ZenitelConnectRestApiSdk\DOC\Help\Working\Output\HtmlHelp1\icons\privclass.gif
C:\Program Files (x86)\EWSoftware\Sandcastle Help File Builder\PresentationStyles\VS2013\icons\privdelegate.gif -&gt; C:\Projects\Connect Platform\Work\ZenitelConnectRestApiSdk\DOC\Help\Working\Output\HtmlHelp1\icons\privdelegate.gif
C:\Program Files (x86)\EWSoftware\Sandcastle Help File Builder\PresentationStyles\VS2013\icons\privenumeration.gif -&gt; C:\Projects\Connect Platform\Work\ZenitelConnectRestApiSdk\DOC\Help\Working\Output\HtmlHelp1\icons\privenumeration.gif
C:\Program Files (x86)\EWSoftware\Sandcastle Help File Builder\PresentationStyles\VS2013\icons\privevent.gif -&gt; C:\Projects\Connect Platform\Work\ZenitelConnectRestApiSdk\DOC\Help\Working\Output\HtmlHelp1\icons\privevent.gif
C:\Program Files (x86)\EWSoftware\Sandcastle Help File Builder\PresentationStyles\VS2013\icons\privextension.gif -&gt; C:\Projects\Connect Platform\Work\ZenitelConnectRestApiSdk\DOC\Help\Working\Output\HtmlHelp1\icons\privextension.gif
C:\Program Files (x86)\EWSoftware\Sandcastle Help File Builder\PresentationStyles\VS2013\icons\privfield.gif -&gt; C:\Projects\Connect Platform\Work\ZenitelConnectRestApiSdk\DOC\Help\Working\Output\HtmlHelp1\icons\privfield.gif
C:\Program Files (x86)\EWSoftware\Sandcastle Help File Builder\PresentationStyles\VS2013\icons\privinterface.gif -&gt; C:\Projects\Connect Platform\Work\ZenitelConnectRestApiSdk\DOC\Help\Working\Output\HtmlHelp1\icons\privinterface.gif
C:\Program Files (x86)\EWSoftware\Sandcastle Help File Builder\PresentationStyles\VS2013\icons\privmethod.gif -&gt; C:\Projects\Connect Platform\Work\ZenitelConnectRestApiSdk\DOC\Help\Working\Output\HtmlHelp1\icons\privmethod.gif
C:\Program Files (x86)\EWSoftware\Sandcastle Help File Builder\PresentationStyles\VS2013\icons\privproperty.gif -&gt; C:\Projects\Connect Platform\Work\ZenitelConnectRestApiSdk\DOC\Help\Working\Output\HtmlHelp1\icons\privproperty.gif
C:\Program Files (x86)\EWSoftware\Sandcastle Help File Builder\PresentationStyles\VS2013\icons\privstructure.gif -&gt; C:\Projects\Connect Platform\Work\ZenitelConnectRestApiSdk\DOC\Help\Working\Output\HtmlHelp1\icons\privstructure.gif
C:\Program Files (x86)\EWSoftware\Sandcastle Help File Builder\PresentationStyles\VS2013\icons\protclass.gif -&gt; C:\Projects\Connect Platform\Work\ZenitelConnectRestApiSdk\DOC\Help\Working\Output\HtmlHelp1\icons\protclass.gif
C:\Program Files (x86)\EWSoftware\Sandcastle Help File Builder\PresentationStyles\VS2013\icons\protdelegate.gif -&gt; C:\Projects\Connect Platform\Work\ZenitelConnectRestApiSdk\DOC\Help\Working\Output\HtmlHelp1\icons\protdelegate.gif
C:\Program Files (x86)\EWSoftware\Sandcastle Help File Builder\PresentationStyles\VS2013\icons\protenumeration.gif -&gt; C:\Projects\Connect Platform\Work\ZenitelConnectRestApiSdk\DOC\Help\Working\Output\HtmlHelp1\icons\protenumeration.gif
C:\Program Files (x86)\EWSoftware\Sandcastle Help File Builder\PresentationStyles\VS2013\icons\protevent.gif -&gt; C:\Projects\Connect Platform\Work\ZenitelConnectRestApiSdk\DOC\Help\Working\Output\HtmlHelp1\icons\protevent.gif
C:\Program Files (x86)\EWSoftware\Sandcastle Help File Builder\PresentationStyles\VS2013\icons\protextension.gif -&gt; C:\Projects\Connect Platform\Work\ZenitelConnectRestApiSdk\DOC\Help\Working\Output\HtmlHelp1\icons\protextension.gif
C:\Program Files (x86)\EWSoftware\Sandcastle Help File Builder\PresentationStyles\VS2013\icons\protfield.gif -&gt; C:\Projects\Connect Platform\Work\ZenitelConnectRestApiSdk\DOC\Help\Working\Output\HtmlHelp1\icons\protfield.gif
C:\Program Files (x86)\EWSoftware\Sandcastle Help File Builder\PresentationStyles\VS2013\icons\protinterface.gif -&gt; C:\Projects\Connect Platform\Work\ZenitelConnectRestApiSdk\DOC\Help\Working\Output\HtmlHelp1\icons\protinterface.gif
C:\Program Files (x86)\EWSoftware\Sandcastle Help File Builder\PresentationStyles\VS2013\icons\protmethod.gif -&gt; C:\Projects\Connect Platform\Work\ZenitelConnectRestApiSdk\DOC\Help\Working\Output\HtmlHelp1\icons\protmethod.gif
C:\Program Files (x86)\EWSoftware\Sandcastle Help File Builder\PresentationStyles\VS2013\icons\protoperator.gif -&gt; C:\Projects\Connect Platform\Work\ZenitelConnectRestApiSdk\DOC\Help\Working\Output\HtmlHelp1\icons\protoperator.gif
C:\Program Files (x86)\EWSoftware\Sandcastle Help File Builder\PresentationStyles\VS2013\icons\protproperty.gif -&gt; C:\Projects\Connect Platform\Work\ZenitelConnectRestApiSdk\DOC\Help\Working\Output\HtmlHelp1\icons\protproperty.gif
C:\Program Files (x86)\EWSoftware\Sandcastle Help File Builder\PresentationStyles\VS2013\icons\protstructure.gif -&gt; C:\Projects\Connect Platform\Work\ZenitelConnectRestApiSdk\DOC\Help\Working\Output\HtmlHelp1\icons\protstructure.gif
C:\Program Files (x86)\EWSoftware\Sandcastle Help File Builder\PresentationStyles\VS2013\icons\pubclass.gif -&gt; C:\Projects\Connect Platform\Work\ZenitelConnectRestApiSdk\DOC\Help\Working\Output\HtmlHelp1\icons\pubclass.gif
C:\Program Files (x86)\EWSoftware\Sandcastle Help File Builder\PresentationStyles\VS2013\icons\pubdelegate.gif -&gt; C:\Projects\Connect Platform\Work\ZenitelConnectRestApiSdk\DOC\Help\Working\Output\HtmlHelp1\icons\pubdelegate.gif
C:\Program Files (x86)\EWSoftware\Sandcastle Help File Builder\PresentationStyles\VS2013\icons\pubenumeration.gif -&gt; C:\Projects\Connect Platform\Work\ZenitelConnectRestApiSdk\DOC\Help\Working\Output\HtmlHelp1\icons\pubenumeration.gif
C:\Program Files (x86)\EWSoftware\Sandcastle Help File Builder\PresentationStyles\VS2013\icons\pubevent.gif -&gt; C:\Projects\Connect Platform\Work\ZenitelConnectRestApiSdk\DOC\Help\Working\Output\HtmlHelp1\icons\pubevent.gif
C:\Program Files (x86)\EWSoftware\Sandcastle Help File Builder\PresentationStyles\VS2013\icons\pubextension.gif -&gt; C:\Projects\Connect Platform\Work\ZenitelConnectRestApiSdk\DOC\Help\Working\Output\HtmlHelp1\icons\pubextension.gif
C:\Program Files (x86)\EWSoftware\Sandcastle Help File Builder\PresentationStyles\VS2013\icons\pubfield.gif -&gt; C:\Projects\Connect Platform\Work\ZenitelConnectRestApiSdk\DOC\Help\Working\Output\HtmlHelp1\icons\pubfield.gif
C:\Program Files (x86)\EWSoftware\Sandcastle Help File Builder\PresentationStyles\VS2013\icons\pubinterface.gif -&gt; C:\Projects\Connect Platform\Work\ZenitelConnectRestApiSdk\DOC\Help\Working\Output\HtmlHelp1\icons\pubinterface.gif
C:\Program Files (x86)\EWSoftware\Sandcastle Help File Builder\PresentationStyles\VS2013\icons\pubmethod.gif -&gt; C:\Projects\Connect Platform\Work\ZenitelConnectRestApiSdk\DOC\Help\Working\Output\HtmlHelp1\icons\pubmethod.gif
C:\Program Files (x86)\EWSoftware\Sandcastle Help File Builder\PresentationStyles\VS2013\icons\puboperator.gif -&gt; C:\Projects\Connect Platform\Work\ZenitelConnectRestApiSdk\DOC\Help\Working\Output\HtmlHelp1\icons\puboperator.gif
C:\Program Files (x86)\EWSoftware\Sandcastle Help File Builder\PresentationStyles\VS2013\icons\pubproperty.gif -&gt; C:\Projects\Connect Platform\Work\ZenitelConnectRestApiSdk\DOC\Help\Working\Output\HtmlHelp1\icons\pubproperty.gif
C:\Program Files (x86)\EWSoftware\Sandcastle Help File Builder\PresentationStyles\VS2013\icons\pubstructure.gif -&gt; C:\Projects\Connect Platform\Work\ZenitelConnectRestApiSdk\DOC\Help\Working\Output\HtmlHelp1\icons\pubstructure.gif
C:\Program Files (x86)\EWSoftware\Sandcastle Help File Builder\PresentationStyles\VS2013\icons\SectionCollapsed.png -&gt; C:\Projects\Connect Platform\Work\ZenitelConnectRestApiSdk\DOC\Help\Working\Output\HtmlHelp1\icons\SectionCollapsed.png
C:\Program Files (x86)\EWSoftware\Sandcastle Help File Builder\PresentationStyles\VS2013\icons\SectionExpanded.png -&gt; C:\Projects\Connect Platform\Work\ZenitelConnectRestApiSdk\DOC\Help\Working\Output\HtmlHelp1\icons\SectionExpanded.png
C:\Program Files (x86)\EWSoftware\Sandcastle Help File Builder\PresentationStyles\VS2013\icons\slMobile.gif -&gt; C:\Projects\Connect Platform\Work\ZenitelConnectRestApiSdk\DOC\Help\Working\Output\HtmlHelp1\icons\slMobile.gif
C:\Program Files (x86)\EWSoftware\Sandcastle Help File Builder\PresentationStyles\VS2013\icons\static.gif -&gt; C:\Projects\Connect Platform\Work\ZenitelConnectRestApiSdk\DOC\Help\Working\Output\HtmlHelp1\icons\static.gif
C:\Program Files (x86)\EWSoftware\Sandcastle Help File Builder\PresentationStyles\VS2013\icons\xna.gif -&gt; C:\Projects\Connect Platform\Work\ZenitelConnectRestApiSdk\DOC\Help\Working\Output\HtmlHelp1\icons\xna.gif
C:\Program Files (x86)\EWSoftware\Sandcastle Help File Builder\PresentationStyles\VS2013\scripts\branding.js -&gt; C:\Projects\Connect Platform\Work\ZenitelConnectRestApiSdk\DOC\Help\Working\Output\HtmlHelp1\scripts\branding.js
C:\Program Files (x86)\EWSoftware\Sandcastle Help File Builder\PresentationStyles\VS2013\styles\branding-cs-CZ.css -&gt; C:\Projects\Connect Platform\Work\ZenitelConnectRestApiSdk\DOC\Help\Working\Output\HtmlHelp1\styles\branding-cs-CZ.css
C:\Program Files (x86)\EWSoftware\Sandcastle Help File Builder\PresentationStyles\VS2013\styles\branding-de-DE.css -&gt; C:\Projects\Connect Platform\Work\ZenitelConnectRestApiSdk\DOC\Help\Working\Output\HtmlHelp1\styles\branding-de-DE.css
C:\Program Files (x86)\EWSoftware\Sandcastle Help File Builder\PresentationStyles\VS2013\styles\branding-en-US.css -&gt; C:\Projects\Connect Platform\Work\ZenitelConnectRestApiSdk\DOC\Help\Working\Output\HtmlHelp1\styles\branding-en-US.css
C:\Program Files (x86)\EWSoftware\Sandcastle Help File Builder\PresentationStyles\VS2013\styles\branding-es-ES.css -&gt; C:\Projects\Connect Platform\Work\ZenitelConnectRestApiSdk\DOC\Help\Working\Output\HtmlHelp1\styles\branding-es-ES.css
C:\Program Files (x86)\EWSoftware\Sandcastle Help File Builder\PresentationStyles\VS2013\styles\branding-fr-FR.css -&gt; C:\Projects\Connect Platform\Work\ZenitelConnectRestApiSdk\DOC\Help\Working\Output\HtmlHelp1\styles\branding-fr-FR.css
C:\Program Files (x86)\EWSoftware\Sandcastle Help File Builder\PresentationStyles\VS2013\styles\branding-Help1.css -&gt; C:\Projects\Connect Platform\Work\ZenitelConnectRestApiSdk\DOC\Help\Working\Output\HtmlHelp1\styles\branding-Help1.css
C:\Program Files (x86)\EWSoftware\Sandcastle Help File Builder\PresentationStyles\VS2013\styles\branding-HelpViewer.css -&gt; C:\Projects\Connect Platform\Work\ZenitelConnectRestApiSdk\DOC\Help\Working\Output\HtmlHelp1\styles\branding-HelpViewer.css
C:\Program Files (x86)\EWSoftware\Sandcastle Help File Builder\PresentationStyles\VS2013\styles\branding-it-IT.css -&gt; C:\Projects\Connect Platform\Work\ZenitelConnectRestApiSdk\DOC\Help\Working\Output\HtmlHelp1\styles\branding-it-IT.css
C:\Program Files (x86)\EWSoftware\Sandcastle Help File Builder\PresentationStyles\VS2013\styles\branding-ja-JP.css -&gt; C:\Projects\Connect Platform\Work\ZenitelConnectRestApiSdk\DOC\Help\Working\Output\HtmlHelp1\styles\branding-ja-JP.css
C:\Program Files (x86)\EWSoftware\Sandcastle Help File Builder\PresentationStyles\VS2013\styles\branding-ko-KR.css -&gt; C:\Projects\Connect Platform\Work\ZenitelConnectRestApiSdk\DOC\Help\Working\Output\HtmlHelp1\styles\branding-ko-KR.css
C:\Program Files (x86)\EWSoftware\Sandcastle Help File Builder\PresentationStyles\VS2013\styles\branding-pl-PL.css -&gt; C:\Projects\Connect Platform\Work\ZenitelConnectRestApiSdk\DOC\Help\Working\Output\HtmlHelp1\styles\branding-pl-PL.css
C:\Program Files (x86)\EWSoftware\Sandcastle Help File Builder\PresentationStyles\VS2013\styles\branding-pt-BR.css -&gt; C:\Projects\Connect Platform\Work\ZenitelConnectRestApiSdk\DOC\Help\Working\Output\HtmlHelp1\styles\branding-pt-BR.css
C:\Program Files (x86)\EWSoftware\Sandcastle Help File Builder\PresentationStyles\VS2013\styles\branding-ru-RU.css -&gt; C:\Projects\Connect Platform\Work\ZenitelConnectRestApiSdk\DOC\Help\Working\Output\HtmlHelp1\styles\branding-ru-RU.css
C:\Program Files (x86)\EWSoftware\Sandcastle Help File Builder\PresentationStyles\VS2013\styles\branding-tr-TR.css -&gt; C:\Projects\Connect Platform\Work\ZenitelConnectRestApiSdk\DOC\Help\Working\Output\HtmlHelp1\styles\branding-tr-TR.css
C:\Program Files (x86)\EWSoftware\Sandcastle Help File Builder\PresentationStyles\VS2013\styles\branding-Website.css -&gt; C:\Projects\Connect Platform\Work\ZenitelConnectRestApiSdk\DOC\Help\Working\Output\HtmlHelp1\styles\branding-Website.css
C:\Program Files (x86)\EWSoftware\Sandcastle Help File Builder\PresentationStyles\VS2013\styles\branding-zh-CN.css -&gt; C:\Projects\Connect Platform\Work\ZenitelConnectRestApiSdk\DOC\Help\Working\Output\HtmlHelp1\styles\branding-zh-CN.css
C:\Program Files (x86)\EWSoftware\Sandcastle Help File Builder\PresentationStyles\VS2013\styles\branding-zh-TW.css -&gt; C:\Projects\Connect Platform\Work\ZenitelConnectRestApiSdk\DOC\Help\Working\Output\HtmlHelp1\styles\branding-zh-TW.css
C:\Program Files (x86)\EWSoftware\Sandcastle Help File Builder\PresentationStyles\VS2013\styles\branding.css -&gt; C:\Projects\Connect Platform\Work\ZenitelConnectRestApiSdk\DOC\Help\Working\Output\HtmlHelp1\styles\branding.css
    Last step completed in 00:00:00,2490
</buildStep>
<buildStep step="GenerateHelpFormatTableOfContents">
Generating HTML Help 1 table of contents file...
    Last step completed in 00:00:00,0000
</buildStep>
<buildStep step="GenerateHelpFileIndex">
Generating HTML Help 1 index file...
    Last step completed in 00:00:00,0000
</buildStep>
<buildStep step="GenerateHelpProject">
Generating HTML Help 1 project file...
    Last step completed in 00:00:00,0120
</buildStep>
<buildStep step="CompilingHelpFile">
Compiling HTML Help 1 file...
[C:\Program Files (x86)\MSBuild\14.0\bin\amd64\MSBuild.exe - Build1xHelpFile.proj]
  Microsoft HTML Help Compiler 4.74.8702
  
  
  
  Compiling c:\Projects\Connect Platform\Work\ZenitelConnectRestApiSdk\DOC\Help\Working\Output\HtmlHelp1\Zenitel.Connect.RestApi.Sdk.chm
  
  
  
  
  
  Compile time: 0 minutes, 2 seconds
  
  138	Topics
  
  1,341	Local links
  
  0	Internet links
  
  0	Graphics
  
  
  
  
  
  Created c:\Projects\Connect Platform\Work\ZenitelConnectRestApiSdk\DOC\Help\Working\Output\HtmlHelp1\Zenitel.Connect.RestApi.Sdk.chm, 189,997 bytes
  
  Compression decreased file by 1,019,235 bytes.
  
    Last step completed in 00:00:04,8283
</buildStep>
<buildStep step="CleanIntermediates">
Removing intermediate files...
    Last step completed in 00:00:00,1490
</buildStep>
<buildStep step="Completed">

Build completed successfully at 12/10/2022 10.56.33.  Total time: 00:00:31,7172

</buildStep>
</shfbBuild>
